Performing C SOURCE FILE Test CMAKE_HAVE_LIBC_PTHREAD failed with the following output:
Change Dir: /home/haoliu/csci499/csci499_hao-liu-1117/build/CMakeFiles/CMakeTmp

Run Build Command(s):/usr/bin/make cmTC_db57e/fast && /usr/bin/make -f CMakeFiles/cmTC_db57e.dir/build.make CMakeFiles/cmTC_db57e.dir/build
make[1]: Entering directory '/home/haoliu/csci499/csci499_hao-liu-1117/build/CMakeFiles/CMakeTmp'
Building C object CMakeFiles/cmTC_db57e.dir/src.c.o
/usr/bin/cc   -DCMAKE_HAVE_LIBC_PTHREAD   -o CMakeFiles/cmTC_db57e.dir/src.c.o   -c /home/haoliu/csci499/csci499_hao-liu-1117/build/CMakeFiles/CMakeTmp/src.c
Linking C executable cmTC_db57e
/usr/bin/cmake -E cmake_link_script CMakeFiles/cmTC_db57e.dir/link.txt --verbose=1
/usr/bin/cc  -DCMAKE_HAVE_LIBC_PTHREAD    -rdynamic CMakeFiles/cmTC_db57e.dir/src.c.o  -o cmTC_db57e 
/usr/bin/ld: CMakeFiles/cmTC_db57e.dir/src.c.o: in function `main':
src.c:(.text+0x46): undefined reference to `pthread_create'
/usr/bin/ld: src.c:(.text+0x52): undefined reference to `pthread_detach'
/usr/bin/ld: src.c:(.text+0x63): undefined reference to `pthread_join'
collect2: error: ld returned 1 exit status
make[1]: *** [CMakeFiles/cmTC_db57e.dir/build.make:87: cmTC_db57e] Error 1
make[1]: Leaving directory '/home/haoliu/csci499/csci499_hao-liu-1117/build/CMakeFiles/CMakeTmp'
make: *** [Makefile:121: cmTC_db57e/fast] Error 2


Source file was:
#include <pthread.h>

void* test_func(void* data)
{
  return data;
}

int main(void)
{
  pthread_t thread;
  pthread_create(&thread, NULL, test_func, NULL);
  pthread_detach(thread);
  pthread_join(thread, NULL);
  pthread_atfork(NULL, NULL, NULL);
  pthread_exit(NULL);

  return 0;
}

Determining if the function pthread_create exists in the pthreads failed with the following output:
Change Dir: /home/haoliu/csci499/csci499_hao-liu-1117/build/CMakeFiles/CMakeTmp

Run Build Command(s):/usr/bin/make cmTC_0cbd6/fast && /usr/bin/make -f CMakeFiles/cmTC_0cbd6.dir/build.make CMakeFiles/cmTC_0cbd6.dir/build
make[1]: Entering directory '/home/haoliu/csci499/csci499_hao-liu-1117/build/CMakeFiles/CMakeTmp'
Building C object CMakeFiles/cmTC_0cbd6.dir/CheckFunctionExists.c.o
/usr/bin/cc   -DCHECK_FUNCTION_EXISTS=pthread_create   -o CMakeFiles/cmTC_0cbd6.dir/CheckFunctionExists.c.o   -c /usr/share/cmake-3.16/Modules/CheckFunctionExists.c
Linking C executable cmTC_0cbd6
/usr/bin/cmake -E cmake_link_script CMakeFiles/cmTC_0cbd6.dir/link.txt --verbose=1
/usr/bin/cc  -DCHECK_FUNCTION_EXISTS=pthread_create    -rdynamic CMakeFiles/cmTC_0cbd6.dir/CheckFunctionExists.c.o  -o cmTC_0cbd6  -lpthreads 
/usr/bin/ld: cannot find -lpthreads
collect2: error: ld returned 1 exit status
make[1]: *** [CMakeFiles/cmTC_0cbd6.dir/build.make:87: cmTC_0cbd6] Error 1
make[1]: Leaving directory '/home/haoliu/csci499/csci499_hao-liu-1117/build/CMakeFiles/CMakeTmp'
make: *** [Makefile:121: cmTC_0cbd6/fast] Error 2



Determining if the include file libunwind.h exists failed with the following output:
Change Dir: /home/haoliu/csci499/csci499_hao-liu-1117/build/CMakeFiles/CMakeTmp

Run Build Command(s):/usr/bin/make cmTC_1d224/fast && /usr/bin/make -f CMakeFiles/cmTC_1d224.dir/build.make CMakeFiles/cmTC_1d224.dir/build
make[1]: Entering directory '/home/haoliu/csci499/csci499_hao-liu-1117/build/CMakeFiles/CMakeTmp'
Building C object CMakeFiles/cmTC_1d224.dir/CheckIncludeFile.c.o
/usr/bin/cc    -o CMakeFiles/cmTC_1d224.dir/CheckIncludeFile.c.o   -c /home/haoliu/csci499/csci499_hao-liu-1117/build/CMakeFiles/CMakeTmp/CheckIncludeFile.c
/home/haoliu/csci499/csci499_hao-liu-1117/build/CMakeFiles/CMakeTmp/CheckIncludeFile.c:1:10: fatal error: libunwind.h: No such file or directory
    1 | #include <libunwind.h>
      |          ^~~~~~~~~~~~~
compilation terminated.
make[1]: *** [CMakeFiles/cmTC_1d224.dir/build.make:66: CMakeFiles/cmTC_1d224.dir/CheckIncludeFile.c.o] Error 1
make[1]: Leaving directory '/home/haoliu/csci499/csci499_hao-liu-1117/build/CMakeFiles/CMakeTmp'
make: *** [Makefile:121: cmTC_1d224/fast] Error 2



Determining size of unsigned __int16 failed with the following output:
Change Dir: /home/haoliu/csci499/csci499_hao-liu-1117/build/CMakeFiles/CMakeTmp

Run Build Command(s):/usr/bin/make cmTC_f22e3/fast && /usr/bin/make -f CMakeFiles/cmTC_f22e3.dir/build.make CMakeFiles/cmTC_f22e3.dir/build
make[1]: Entering directory '/home/haoliu/csci499/csci499_hao-liu-1117/build/CMakeFiles/CMakeTmp'
Building C object CMakeFiles/cmTC_f22e3.dir/HAVE___UINT16.c.o
/usr/bin/cc    -o CMakeFiles/cmTC_f22e3.dir/HAVE___UINT16.c.o   -c /home/haoliu/csci499/csci499_hao-liu-1117/build/CMakeFiles/CheckTypeSize/HAVE___UINT16.c
/home/haoliu/csci499/csci499_hao-liu-1117/build/CMakeFiles/CheckTypeSize/HAVE___UINT16.c:23:31: error: expected ‘)’ before ‘__int16’
   23 | #define SIZE (sizeof(unsigned __int16))
      |                     ~         ^~~~~~~
/home/haoliu/csci499/csci499_hao-liu-1117/build/CMakeFiles/CheckTypeSize/HAVE___UINT16.c:25:12: note: in expansion of macro ‘SIZE’
   25 |   ('0' + ((SIZE / 10000)%10)),
      |            ^~~~
/home/haoliu/csci499/csci499_hao-liu-1117/build/CMakeFiles/CheckTypeSize/HAVE___UINT16.c:23:31: error: expected ‘)’ before ‘__int16’
   23 | #define SIZE (sizeof(unsigned __int16))
      |                     ~         ^~~~~~~
/home/haoliu/csci499/csci499_hao-liu-1117/build/CMakeFiles/CheckTypeSize/HAVE___UINT16.c:26:12: note: in expansion of macro ‘SIZE’
   26 |   ('0' + ((SIZE / 1000)%10)),
      |            ^~~~
/home/haoliu/csci499/csci499_hao-liu-1117/build/CMakeFiles/CheckTypeSize/HAVE___UINT16.c:23:31: error: expected ‘)’ before ‘__int16’
   23 | #define SIZE (sizeof(unsigned __int16))
      |                     ~         ^~~~~~~
/home/haoliu/csci499/csci499_hao-liu-1117/build/CMakeFiles/CheckTypeSize/HAVE___UINT16.c:27:12: note: in expansion of macro ‘SIZE’
   27 |   ('0' + ((SIZE / 100)%10)),
      |            ^~~~
/home/haoliu/csci499/csci499_hao-liu-1117/build/CMakeFiles/CheckTypeSize/HAVE___UINT16.c:23:31: error: expected ‘)’ before ‘__int16’
   23 | #define SIZE (sizeof(unsigned __int16))
      |                     ~         ^~~~~~~
/home/haoliu/csci499/csci499_hao-liu-1117/build/CMakeFiles/CheckTypeSize/HAVE___UINT16.c:28:12: note: in expansion of macro ‘SIZE’
   28 |   ('0' + ((SIZE / 10)%10)),
      |            ^~~~
/home/haoliu/csci499/csci499_hao-liu-1117/build/CMakeFiles/CheckTypeSize/HAVE___UINT16.c:23:31: error: expected ‘)’ before ‘__int16’
   23 | #define SIZE (sizeof(unsigned __int16))
      |                     ~         ^~~~~~~
/home/haoliu/csci499/csci499_hao-liu-1117/build/CMakeFiles/CheckTypeSize/HAVE___UINT16.c:29:12: note: in expansion of macro ‘SIZE’
   29 |   ('0' +  (SIZE    % 10)),
      |            ^~~~
make[1]: *** [CMakeFiles/cmTC_f22e3.dir/build.make:66: CMakeFiles/cmTC_f22e3.dir/HAVE___UINT16.c.o] Error 1
make[1]: Leaving directory '/home/haoliu/csci499/csci499_hao-liu-1117/build/CMakeFiles/CMakeTmp'
make: *** [Makefile:121: cmTC_f22e3/fast] Error 2


/home/haoliu/csci499/csci499_hao-liu-1117/build/CMakeFiles/CheckTypeSize/HAVE___UINT16.c:
#include <sys/types.h>
#include <stdint.h>
#include <stddef.h>


#undef KEY
#if defined(__i386)
# define KEY '_','_','i','3','8','6'
#elif defined(__x86_64)
# define KEY '_','_','x','8','6','_','6','4'
#elif defined(__ppc__)
# define KEY '_','_','p','p','c','_','_'
#elif defined(__ppc64__)
# define KEY '_','_','p','p','c','6','4','_','_'
#elif defined(__aarch64__)
# define KEY '_','_','a','a','r','c','h','6','4','_','_'
#elif defined(__ARM_ARCH_7A__)
# define KEY '_','_','A','R','M','_','A','R','C','H','_','7','A','_','_'
#elif defined(__ARM_ARCH_7S__)
# define KEY '_','_','A','R','M','_','A','R','C','H','_','7','S','_','_'
#endif

#define SIZE (sizeof(unsigned __int16))
static char info_size[] =  {'I', 'N', 'F', 'O', ':', 's','i','z','e','[',
  ('0' + ((SIZE / 10000)%10)),
  ('0' + ((SIZE / 1000)%10)),
  ('0' + ((SIZE / 100)%10)),
  ('0' + ((SIZE / 10)%10)),
  ('0' +  (SIZE    % 10)),
  ']',
#ifdef KEY
  ' ','k','e','y','[', KEY, ']',
#endif
  '\0'};

#ifdef __CLASSIC_C__
int main(argc, argv) int argc; char *argv[];
#else
int main(int argc, char *argv[])
#endif
{
  int require = 0;
  require += info_size[argc];
  (void)argv;
  return require;
}


Determining if the function dladdr exists failed with the following output:
Change Dir: /home/haoliu/csci499/csci499_hao-liu-1117/build/CMakeFiles/CMakeTmp

Run Build Command(s):/usr/bin/make cmTC_61942/fast && /usr/bin/make -f CMakeFiles/cmTC_61942.dir/build.make CMakeFiles/cmTC_61942.dir/build
make[1]: Entering directory '/home/haoliu/csci499/csci499_hao-liu-1117/build/CMakeFiles/CMakeTmp'
Building C object CMakeFiles/cmTC_61942.dir/CheckFunctionExists.c.o
/usr/bin/cc   -DCHECK_FUNCTION_EXISTS=dladdr   -o CMakeFiles/cmTC_61942.dir/CheckFunctionExists.c.o   -c /usr/share/cmake-3.16/Modules/CheckFunctionExists.c
Linking C executable cmTC_61942
/usr/bin/cmake -E cmake_link_script CMakeFiles/cmTC_61942.dir/link.txt --verbose=1
/usr/bin/cc  -DCHECK_FUNCTION_EXISTS=dladdr    -rdynamic CMakeFiles/cmTC_61942.dir/CheckFunctionExists.c.o  -o cmTC_61942 
/usr/bin/ld: CMakeFiles/cmTC_61942.dir/CheckFunctionExists.c.o: in function `main':
CheckFunctionExists.c:(.text+0x14): undefined reference to `dladdr'
collect2: error: ld returned 1 exit status
make[1]: *** [CMakeFiles/cmTC_61942.dir/build.make:87: cmTC_61942] Error 1
make[1]: Leaving directory '/home/haoliu/csci499/csci499_hao-liu-1117/build/CMakeFiles/CMakeTmp'
make: *** [Makefile:121: cmTC_61942/fast] Error 2



Performing C++ SOURCE FILE Test HAVE_NO_UNNAMED_TYPE_TEMPLATE_ARGS failed with the following output:
Change Dir: /home/haoliu/csci499/csci499_hao-liu-1117/build/CMakeFiles/CMakeTmp

Run Build Command(s):/usr/bin/make cmTC_b409d/fast && /usr/bin/make -f CMakeFiles/cmTC_b409d.dir/build.make CMakeFiles/cmTC_b409d.dir/build
make[1]: Entering directory '/home/haoliu/csci499/csci499_hao-liu-1117/build/CMakeFiles/CMakeTmp'
Building CXX object CMakeFiles/cmTC_b409d.dir/src.cxx.o
/usr/bin/c++    -DHAVE_NO_UNNAMED_TYPE_TEMPLATE_ARGS   -Wunnamed-type-template-args -o CMakeFiles/cmTC_b409d.dir/src.cxx.o -c /home/haoliu/csci499/csci499_hao-liu-1117/build/CMakeFiles/CMakeTmp/src.cxx
c++: error: unrecognized command line option '-Wunnamed-type-template-args'
make[1]: *** [CMakeFiles/cmTC_b409d.dir/build.make:66: CMakeFiles/cmTC_b409d.dir/src.cxx.o] Error 1
make[1]: Leaving directory '/home/haoliu/csci499/csci499_hao-liu-1117/build/CMakeFiles/CMakeTmp'
make: *** [Makefile:121: cmTC_b409d/fast] Error 2


Source file was:
int main() { return 0; }
Determining if the function get_static_proc_name exists in the unwind failed with the following output:
Change Dir: /home/haoliu/csci499/csci499_hao-liu-1117/build/CMakeFiles/CMakeTmp

Run Build Command(s):/usr/bin/make cmTC_1cef1/fast && /usr/bin/make -f CMakeFiles/cmTC_1cef1.dir/build.make CMakeFiles/cmTC_1cef1.dir/build
make[1]: Entering directory '/home/haoliu/csci499/csci499_hao-liu-1117/build/CMakeFiles/CMakeTmp'
Building C object CMakeFiles/cmTC_1cef1.dir/CheckFunctionExists.c.o
/usr/bin/cc   -DCHECK_FUNCTION_EXISTS=get_static_proc_name   -o CMakeFiles/cmTC_1cef1.dir/CheckFunctionExists.c.o   -c /usr/share/cmake-3.16/Modules/CheckFunctionExists.c
Linking C executable cmTC_1cef1
/usr/bin/cmake -E cmake_link_script CMakeFiles/cmTC_1cef1.dir/link.txt --verbose=1
/usr/bin/cc  -DCHECK_FUNCTION_EXISTS=get_static_proc_name    -rdynamic CMakeFiles/cmTC_1cef1.dir/CheckFunctionExists.c.o  -o cmTC_1cef1  -lunwind 
/usr/bin/ld: cannot find -lunwind
collect2: error: ld returned 1 exit status
make[1]: *** [CMakeFiles/cmTC_1cef1.dir/build.make:87: cmTC_1cef1] Error 1
make[1]: Leaving directory '/home/haoliu/csci499/csci499_hao-liu-1117/build/CMakeFiles/CMakeTmp'
make: *** [Makefile:121: cmTC_1cef1/fast] Error 2



Determining if the function UnDecorateSymbolName exists in the dbghelp failed with the following output:
Change Dir: /home/haoliu/csci499/csci499_hao-liu-1117/build/CMakeFiles/CMakeTmp

Run Build Command(s):/usr/bin/make cmTC_1ba93/fast && /usr/bin/make -f CMakeFiles/cmTC_1ba93.dir/build.make CMakeFiles/cmTC_1ba93.dir/build
make[1]: Entering directory '/home/haoliu/csci499/csci499_hao-liu-1117/build/CMakeFiles/CMakeTmp'
Building C object CMakeFiles/cmTC_1ba93.dir/CheckFunctionExists.c.o
/usr/bin/cc   -DCHECK_FUNCTION_EXISTS=UnDecorateSymbolName   -o CMakeFiles/cmTC_1ba93.dir/CheckFunctionExists.c.o   -c /usr/share/cmake-3.16/Modules/CheckFunctionExists.c
Linking C executable cmTC_1ba93
/usr/bin/cmake -E cmake_link_script CMakeFiles/cmTC_1ba93.dir/link.txt --verbose=1
/usr/bin/cc  -DCHECK_FUNCTION_EXISTS=UnDecorateSymbolName    -rdynamic CMakeFiles/cmTC_1ba93.dir/CheckFunctionExists.c.o  -o cmTC_1ba93  -ldbghelp 
/usr/bin/ld: cannot find -ldbghelp
collect2: error: ld returned 1 exit status
make[1]: *** [CMakeFiles/cmTC_1ba93.dir/build.make:87: cmTC_1ba93] Error 1
make[1]: Leaving directory '/home/haoliu/csci499/csci499_hao-liu-1117/build/CMakeFiles/CMakeTmp'
make: *** [Makefile:121: cmTC_1ba93/fast] Error 2



Performing C SOURCE FILE Test HAVE_RWLOCK failed with the following output:
Change Dir: /home/haoliu/csci499/csci499_hao-liu-1117/build/CMakeFiles/CMakeTmp

Run Build Command(s):/usr/bin/make cmTC_ee298/fast && /usr/bin/make -f CMakeFiles/cmTC_ee298.dir/build.make CMakeFiles/cmTC_ee298.dir/build
make[1]: Entering directory '/home/haoliu/csci499/csci499_hao-liu-1117/build/CMakeFiles/CMakeTmp'
Building C object CMakeFiles/cmTC_ee298.dir/src.c.o
/usr/bin/cc   -DHAVE_RWLOCK   -o CMakeFiles/cmTC_ee298.dir/src.c.o   -c /home/haoliu/csci499/csci499_hao-liu-1117/build/CMakeFiles/CMakeTmp/src.c
Linking C executable cmTC_ee298
/usr/bin/cmake -E cmake_link_script CMakeFiles/cmTC_ee298.dir/link.txt --verbose=1
/usr/bin/cc  -DHAVE_RWLOCK    -rdynamic CMakeFiles/cmTC_ee298.dir/src.c.o  -o cmTC_ee298 
/usr/bin/ld: CMakeFiles/cmTC_ee298.dir/src.c.o: in function `main':
src.c:(.text+0x28): undefined reference to `pthread_rwlock_init'
/usr/bin/ld: src.c:(.text+0x34): undefined reference to `pthread_rwlock_rdlock'
collect2: error: ld returned 1 exit status
make[1]: *** [CMakeFiles/cmTC_ee298.dir/build.make:87: cmTC_ee298] Error 1
make[1]: Leaving directory '/home/haoliu/csci499/csci499_hao-liu-1117/build/CMakeFiles/CMakeTmp'
make: *** [Makefile:121: cmTC_ee298/fast] Error 2


Source file was:

#define _XOPEN_SOURCE 500
#include <pthread.h>
int main(void)
{
  pthread_rwlock_t l;
  pthread_rwlock_init(&l, NULL);
  pthread_rwlock_rdlock(&l);
  return 0;
}

Performing C SOURCE FILE Test HAVE___DECLSPEC failed with the following output:
Change Dir: /home/haoliu/csci499/csci499_hao-liu-1117/build/CMakeFiles/CMakeTmp

Run Build Command(s):/usr/bin/make cmTC_01325/fast && /usr/bin/make -f CMakeFiles/cmTC_01325.dir/build.make CMakeFiles/cmTC_01325.dir/build
make[1]: Entering directory '/home/haoliu/csci499/csci499_hao-liu-1117/build/CMakeFiles/CMakeTmp'
Building C object CMakeFiles/cmTC_01325.dir/src.c.o
/usr/bin/cc   -DHAVE___DECLSPEC   -o CMakeFiles/cmTC_01325.dir/src.c.o   -c /home/haoliu/csci499/csci499_hao-liu-1117/build/CMakeFiles/CMakeTmp/src.c
/home/haoliu/csci499/csci499_hao-liu-1117/build/CMakeFiles/CMakeTmp/src.c:2:1: warning: return type defaults to ‘int’ [-Wimplicit-int]
    2 | __declspec(selectany) int a;
      | ^~~~~~~~~~
/home/haoliu/csci499/csci499_hao-liu-1117/build/CMakeFiles/CMakeTmp/src.c: In function ‘__declspec’:
/home/haoliu/csci499/csci499_hao-liu-1117/build/CMakeFiles/CMakeTmp/src.c:3:16: error: expected ‘=’, ‘,’, ‘;’, ‘asm’ or ‘__attribute__’ before ‘{’ token
    3 | int main(void) { return 0; }
      |                ^
/home/haoliu/csci499/csci499_hao-liu-1117/build/CMakeFiles/CMakeTmp/src.c:2:1: warning: type of ‘selectany’ defaults to ‘int’ [-Wimplicit-int]
    2 | __declspec(selectany) int a;
      | ^~~~~~~~~~
/home/haoliu/csci499/csci499_hao-liu-1117/build/CMakeFiles/CMakeTmp/src.c:2:27: error: declaration for parameter ‘a’ but no such parameter
    2 | __declspec(selectany) int a;
      |                           ^
/home/haoliu/csci499/csci499_hao-liu-1117/build/CMakeFiles/CMakeTmp/src.c:4: error: expected ‘{’ at end of input
    4 | 
      | 
make[1]: *** [CMakeFiles/cmTC_01325.dir/build.make:66: CMakeFiles/cmTC_01325.dir/src.c.o] Error 1
make[1]: Leaving directory '/home/haoliu/csci499/csci499_hao-liu-1117/build/CMakeFiles/CMakeTmp'
make: *** [Makefile:121: cmTC_01325/fast] Error 2


Source file was:

__declspec(selectany) int a;
int main(void) { return 0; }

Performing C++ SOURCE FILE Test STL_NO_NAMESPACE failed with the following output:
Change Dir: /home/haoliu/csci499/csci499_hao-liu-1117/build/CMakeFiles/CMakeTmp

Run Build Command(s):/usr/bin/make cmTC_5de86/fast && /usr/bin/make -f CMakeFiles/cmTC_5de86.dir/build.make CMakeFiles/cmTC_5de86.dir/build
make[1]: Entering directory '/home/haoliu/csci499/csci499_hao-liu-1117/build/CMakeFiles/CMakeTmp'
Building CXX object CMakeFiles/cmTC_5de86.dir/src.cxx.o
/usr/bin/c++    -DSTL_NO_NAMESPACE   -o CMakeFiles/cmTC_5de86.dir/src.cxx.o -c /home/haoliu/csci499/csci499_hao-liu-1117/build/CMakeFiles/CMakeTmp/src.cxx
/home/haoliu/csci499/csci499_hao-liu-1117/build/CMakeFiles/CMakeTmp/src.cxx:3:1: error: ‘vector’ does not name a type
    3 | vector<int> t; int main() { }
      | ^~~~~~
make[1]: *** [CMakeFiles/cmTC_5de86.dir/build.make:66: CMakeFiles/cmTC_5de86.dir/src.cxx.o] Error 1
make[1]: Leaving directory '/home/haoliu/csci499/csci499_hao-liu-1117/build/CMakeFiles/CMakeTmp'
make: *** [Makefile:121: cmTC_5de86/fast] Error 2


Source file was:

#include <vector>
vector<int> t; int main() { }

Performing C++ SOURCE FILE Test HAVE_MSVC_TLS failed with the following output:
Change Dir: /home/haoliu/csci499/csci499_hao-liu-1117/build/CMakeFiles/CMakeTmp

Run Build Command(s):/usr/bin/make cmTC_7f89b/fast && /usr/bin/make -f CMakeFiles/cmTC_7f89b.dir/build.make CMakeFiles/cmTC_7f89b.dir/build
make[1]: Entering directory '/home/haoliu/csci499/csci499_hao-liu-1117/build/CMakeFiles/CMakeTmp'
Building CXX object CMakeFiles/cmTC_7f89b.dir/src.cxx.o
/usr/bin/c++    -DHAVE_MSVC_TLS   -o CMakeFiles/cmTC_7f89b.dir/src.cxx.o -c /home/haoliu/csci499/csci499_hao-liu-1117/build/CMakeFiles/CMakeTmp/src.cxx
/home/haoliu/csci499/csci499_hao-liu-1117/build/CMakeFiles/CMakeTmp/src.cxx:2:11: error: expected constructor, destructor, or type conversion before ‘(’ token
    2 | __declspec(thread) int tls;
      |           ^
make[1]: *** [CMakeFiles/cmTC_7f89b.dir/build.make:66: CMakeFiles/cmTC_7f89b.dir/src.cxx.o] Error 1
make[1]: Leaving directory '/home/haoliu/csci499/csci499_hao-liu-1117/build/CMakeFiles/CMakeTmp'
make: *** [Makefile:121: cmTC_7f89b/fast] Error 2


Source file was:

__declspec(thread) int tls;
int main() { }

